[   0.000000] Initializing cgroup subsys cpuset
[    0.000000] Initializing cgroup subsys cpu
[    0.000000] Initializing cgroup subsys cpuacct
[    0.000000] Linux version 4.4.0-101-generic (buildd@lcy01-amd64-006) (gcc version 5.4.0 20160609 (Ubuntu 5.4.0-6ubuntu1~16.04.5) ) #124-Ubuntu SMP Fri Nov 10 18:29:59 UTC 2017 (Ubuntu 4.4.0-101.124-generic 4.4.95)
[    0.000000] Command line: BOOT_IMAGE=/boot/vmlinuz-4.4.0-101-generic root=LABEL=cloudimg-rootfs ro console=tty1 console=ttyS0
[    0.000000] KERNEL supported cpus:
[    0.000000]   Itel GenuineIntel
[    0.000000]   AMD AuthenticAMD
[    0.000000]   Centaur CentaurHauls
[    0.000000] x86/fpu: xstate_offset[2]:  576, xstate_sizes[2]:  256
[    0.000000] x86/fpu: Supporting XSAVE feature 0x01: 'x87 floating point registers'
[    0.000000] x86/fpu: Supporting XSAVE feature 0x02: 'SSE registers'
[    0.000000] x86/fpu: Supporting XSAVE feature 0x04: 'AVX registers'
[    0.000000] x86/fpu: Enabled xstate features 0x7, context size is 832 bytes, using 'standard' format.
[    0.000000] x86/fpu: Using 'lazy' FPU context switches.
[    0.000000] e820: BIOS-provided physical RAM map:
[    0.000000] BIOS-e820: [mem 0x0000000000000000-0x000000000009fbff] usable
[    0.000000] BIOS-e820: [mem 0x000000000009fc00-0x000000000009ffff] reserved
[    0.000000] BIOS-e820: [mem 0x00000000000f0000-0x00000000000fffff] reserved
[    0.000000] BIOS-e820: [mem 0x0000000000100000-0x000000003ffeffff] usable
[    0.000000] BIOS-e820: [mem 0x000000003fff0000-0x000000003fffffff] ACPI data
[    0.000000] BIOS-e820: [mem 0x00000000fec00000-0x00000000fec00fff] reserved
[    0.000000] BIOS-e820: [mem 0x00000000fee00000-0x00000000fee00fff] reserved
[    0.000000] BIOS-e820: [mem 0x00000000fffc0000-0x00000000ffffffff] reserved
[    0.000000] NX (Execute Disable) protection: active
[    0.000000] SMBIOS 2.5 present.
[    0.000000] Hypervisor detected: KVM
[    0.000000 e820: last_pfn = 0x3fff0 max_arch_pfn = 0x400000000
[    0.000000] MTRR: Disabled
[    0.000000] x86/PAT: MTs disabled, skipping PAT initialization too.
[    0.000000] CPU MTRRs all blank - virtualized system.
[    0.000000] x86/PAT: Configuration [0-7]: WB  WT  UC- UC  WB  WT  UC- UC  
[    0.000000] found SMP MP-table at [mem 0x0009fff0-0x0009ffff] mapped at [ffff88000009fff0]
[    0.000000] Scanning 1 areas for low memory corruption
[    0.000000] RAMDISK: [mem 0x36abc000-0x37555fff]
[    0.000000] ACPI: Early table checksum verification disabled
[    0.000000] ACPI: RSDP 0x00000000000E0000 000024 (v02 VBOX  )
[    0.000000] ACPI: XSDT 0x000000003FFF0030 00003C (v01 VBOX   VBOXXSDT 00000001 ASL  00000061)
[    0.000000] ACPI: FACP 0x000000003FFF00F0 0000F4 (v04 VBOX   VBOXFACP 00000001 ASL  00000061)
[    0.000000] ACPI: DSDT 0x000000003FFF0470 0021FF (v02 VBOX   VBOXBIOS 00000002 INTL 20100528)
[    0.000000] ACPI: FACS 0x000000003FFF0200 000040
[    0.000000] ACPI: FACS 0x000000003FFF0200 000040
[    0.000000] ACPI: APIC 0x000000003FFF0240 00005C (v02 VBOX   VBOXAPIC 00000001 ASL  00000061)
[    0.000000] ACPI: SSDT 0x000000003FFF02A0 0001CC (v01 VBOX   VBOXCPUT 00000002 INTL 20100528)
[    0.000000] No NUMA configuration ffound
[    0.000000] Faking a node at [mem 0x0000000000000000-0x000000003ffeffff]
[    0.000000] NODE_DATA(0) allocated [mem 0x3ffeb000-0x3ffeffff]
[    0.000000] kvm-clock: Using msrs 4b564d01 and 4b564d00
[    0.0000] kvm-clock: cpu 0, msr 0:3ffe3001, primary cpu clck
[    0.000000] kvm-clock: using sched offset of 3515874251 cycles
[    0.000000] clocource: kvm-clock: mask: 0xffffffffffffffff max_cycles: 0x1cd42e4dffb, max_idle_ns: 881590591483 ns
[    0.000000] Zone ranges:
[    0.000000]   DMA      [mem 0x0000000000001000-0x0000000000ffffff]
[    0.000000]   DMA32    [mem 0x0000000001000000-0x000000003ffeffff]
[    0.000000]   Normal   empty
[    0.000000]   Device   empty
[    0.000000] Movable zone start for each node
[    0.000000] Early memory node ranges
[    0.000000]   node   0: [mem 0x0000000000001000-0x000000000009efff]
[    0.000000]   node   0: [mem 0x0000000000100000-0x000000003ffeffff]
[    0.000000] Initmem setup node 0 [mem 0x0000000000001000-0x000000003ffeffff]
[    0.000000] ACPI: PM-Timer IO Port: 0x4008
[    0.000000] IOAPIC[0]: apic_id 2, version 32, address 0xfec00000, GSI 0-23
[    0.000000] ACPI: INT_SRC_OVR (bus 0 bus_irq 0 global_irq 2 dfl dfl)
[    0.000000] ACPI: INT_SRC_OVR (bus 0 bus_irq 9 global_irq 9 low level)
[    0.000000] Using ACPI (MADT) for SMP configuration information
[    0.000000] smpboot: Allowing 2 CPUs, 0 hotplug CPUs
[    0.000000] PM: Registered nosave memory: [mem 0x00000000-0x00000fff]
[    0.000000] PM: Registered nosave memory: [mem 0x0009f000-0x0009ffff]
[    0.000000] PM: Registered nosave memory: [mem 0x000a0000-0x000effff]
[    0.000000] PM: Registered nosave memo: [mem 0x000f0000-0x000fffff]
[    0.000000] e820: [mem 0x40000000-0xfebfffff] available for PCI devices
[    0.000000] Booting paravirtualized kernel on KVM
[    0.000000] clocksource: refined-jiffies: mask: 0xffffffff max_cycles: 0xffffffff, max_idle_ns: 7645519600211568 ns
[    0.000000] setup_percpu: NR_CPUS:512 nr_cpumask_bits:512 nr_cpu_ids:2 nr_node_ids:1
[    0.000000] PERCPU: Embedded 34 pages/cpu @ffff88003fc00000 s98328 r8192 d32744 u1048576
[    0.000000] PV qspinlock hash table entries: 256 (order: 0, 4096 bytes)
[    0.000000] Built 1 zonelists in Node order, mobility grouping on.  Total pages: 257913
[    0.000000] Policcy zone: DMA32
[    0.000000] Kernel command line: BOOT_IMAGE=/boot/vmlinuz-4.4.0-101-generic root=LABEL=cloudimg-rootfs ro console=tty1 console=ttyS0
[    0.000000] PID hash table entries: 4096 (order: 3, 32768 bytes)
[    0.000000] Memory: 1001708K/1048120K available (8484K knel code, 1294K rwdata, 3988K rodata, 1492K init, 1316K bss, 46412K reserved, 0K cma-reserved)
[    0.000000] SLUB: HWalign=64, Order=0-3, MinObjects=0, CPUs=2, Nodes=1
[    0.000000] Hierarchical RCU implementation.
[    0.000000] 	Build-time adjustment of leaf fanout to 64.
[    0.000000] 	RCU restricting CPUs from NR_CPUS=512 to nr_cpu_ids=2.
[    0.000000] RCU: Adjusting geometry for rcu_fanout_leaf=64, nr_cpu_ids=2
[    0.000000] NR_IRQS:33024 nr_irqs:440 16
[    0.000000] Console: colour VGA+ 80x25
[    0.000000] console [tty1] enabled
[    0.000000] console [ttyS0] enabled
[    0.000000] tsc: Detected 2903.998 MHz processor
[    0.460678] Calibrating delay loop (skipped) preset value.. 5807.99 BogoMIPS (lpj=11615992)
[    0.463168] pid_max: default: 32768 minimum: 301
[    0.464571] ACPI: Core revision 20150930
[    0.467522] ACPI: 2 ACPI AML tables successfully acquired and loaded
[    0.469466] Security Framework initialized
[    0.470558] Yama: becoming mindful.
[     0.471477] AppArmor: AppArmor initialized
[    0.472543] Dentry cache hash table entries: 131072 (order: 8, 1048576 bytes)
[    0.474366] Inode-cache hash table entries: 65536 (order: 7, 524288 bytes)
[    0.477068] Mount-cache hash table entries: 2048 (order: 2, 16384 bytes)
[    0.478827] Mountpoint-cache hash table entries: 2048 (order: 2, 16384 bytes)
[    0.480874] Initializing cgroup subsys io
[    0.482081] Initializing cgroup subsys memory
[    0.483349] Initializing cgroup subsys devices
[    0.484591] Initializing cgroup subsys freezer
[    0.485758] Initializing cgroup subsys net_cls
[    0.487043] Initializing cgroup subsys perf_event
[    0.488294] Initializing cgroup subsys net_prio
[    0.489476] Initializing cgroup subsys hugetlb
[    0.490683] Initializing cgroup subsys pids
[    0.491803] CPU: Physical Processor ID: 0
[    0.492885] CPU: Processor Core ID: 0
[    0.494952] mce: CPU supports 0 MCE banks
[    0.496079] Last level iTLB entries: 4KB 64, 2MB 8, 4MB 8
[    0.497417] Last level dTLB entries: 4KB 64, 2MB 0, 4MB 0, 1GB 4
[    0.501262] Freeing SMP alternatives memory: 32K
[    0.510540] ftrace: allocating 32156 entries in 126 pages
[    0.566241] smpboot: APIC(0) Converting physical 0 to logical package 0
[    0.567831] smpboot: Max logical packages: 1
[    0.569307] x2apic enabled
[    0.570445] Switched APIC routing to physical x2apic.
[    0.579110] ..TIMER: vector=0x30 apic1=0 pin1=2 apic2=-1 pin2=-1
[    0.687682] smpboot: CPU0: Intel(R) Core(TM) i7-7500U CPU @ 2.70GHz (family: 0x6, model: 0x8e, stepping: 0x9)
[    0.690353] Performance Events: unsupported p6 CPU model 142 no PMU driver, software events only.
[    0.699570] KVM setup paravirtual spinlock
[    0.701342] x86: Booting SMP configuration:
[    0.723047] .... node  #0, CPUs:      #1
[    0.724279] kvm-clock: cpu 1, msr 0:3ffe3041, secondary cpu clock
[    0.732990] mce: CPU supports 0 MCE banks
[    0.745808] x86: Booted up 1 node, 2 CPUs
[    0.760841] smpboot: Total of 2 processors activated (11615.99 BogoMIPS)
[    0.764365] devtmpfs: initialized
[    0.767570] evm: security.selinux
[    0.774857] evm: security.SMACK64
[    0.781836] evm: security.SMACK64EXEC
[    0.797350] evm: security.SMACK64TRANSMUTE
[    0.805141] evm: security.SMACK64MMAP
[    0.811856] evm: security.ima
[    0.824615] evm: security.capability
[    0.825971] clocksource: jiffies: mask: 0xffffffff max_cycles: 0xffffffff, max_idle_ns: 7645041785100000 ns
[    0.828325] futex hash table entries: 512 (order: 3, 32768 bytes)
[    0.829934] pinctrl core: initialized pinctrl subsystem
[    0.831277] RTC time: 10:57:46, date: 08/30/19
[    0.833560] NET: Registered protocol family 16
[    0.844584] cpuidle: using governor ladder
[    0.857366] cpuidle: using governor menu
[    0.858493] PCCT header not found.
[    0.859549] ACPI: bus type PCI registered
[    0.860637] acpiphp: ACPI Hot Plug PCI Controller Driver version: 0.5
[    0.862296] PCI: Using configuration type 1 for base access
[    0.876460] ACPI: Added _OSI(Module Device)
[    0.877596] ACPI: Added _OSI(Processor Device)
[    0.878752] ACPI: Added _OSI(3.0 _SCP Extensions)
[    0.880032] ACPI: Added _OSI(Processor Aggregator Device)
[    0.882384] ACPI: Executed 1 blocks of module-level executable AML code
[    0.887018] ACPI: Interpreter enabled
[    0.888176] ACPI: (supports S0 S5)
[    0.889166] ACPI: Using IOAPIC for interrupt routing
[    0.890629] PCI: Using host bridge windows from ACPI; if necessary, use "pci=nocrs" and report a bug
[    0.897149] ACPI: PCI Root Bridge [PCI0] (domain 0000 [bus 00-ff])
[    0.898582] acpi PNP0A03:00: _OSC: OS supports [ASPM ClockPM Segments MSI]
[    0.900216] acpi PNP0A03:00: _OSC: not requesting OS control; OS requires [ExtendedConfig ASPM ClockPM MSI]
[    0.902733] acpi PNP0A03:00: fail to add MMCONFIG information, can't access extended PCI configuration space under this bridge.
[    0.905868] PCI host bridge to bus 0000:00
[    0.906952] pci_bus 0000:00: root bus resource [io  0x0000-0x0cf7 window]
[    0.908565] pci_bus 0000:00: root bus resource [io  0x0d00-0xffff window]
[    0.910176] pci_bus 0000:00: root bus resource [mem 0x000a0000-0x000bffff window]
[    0.912174] pci_bus 0000:00: root bus resource [mem 0x40000000-0xfdffffff window]
[    0.914503] pci_bus 0000:00: root bus resource [bus 00-ff]
[    0.917705] pci 0000:00:01.1: legacy IDE quirk: reg 0x10: [io  0x01f0-0x01f7]
[    0.919353] pci 0000:00:01.1: legacy IDE quirk: reg 0x14: [io  0x03f6]
[    0.920895] pci 0000:00:01.1: legacy IDE quirk: reg 0x18: [io  0x0170-0x0177]
[    0.928472] pci 0000:00:01.1: legacy IDE quirk: reg 0x1c: [io  0x0376]
[    0.954017] pci 0000:00:07.0: quirk: [io  0x4000-0x403f] claimed by PIIX4 ACPI
[    0.956015] pci 0000:00:07.0: quirk: [io  0x4100-0x410f] claimed by PIIX4 SMB
[    0.966193] ACPI: PCI Interrupt Link [LNKA] (IRQs 5 9 10 *11)
[    0.983952] ACPI: PCI Interrupt Link [LNKB] (IRQs 5 9 *10 11)
[    0.987131] ACPI: PCI Interrupt Link [LNKC] (IRQs 5 *9 10 11)
[    0.989156] ACPI: PCI Interrupt Link [LNKD] (IRQs 5 9 10 *11)
[    0.991346] ACPI: Enabled 2 GPEs in block 00 to 07
[    1.001025] vgaarb: setting as boot device: PCI:0000:00:02.0
[    1.002233] vgaarb: device added: PCI:0000:00:02.0,decodes=io+mem,owns=io+mem,locks=none
[    1.004344] vgaarb: loaded
[    1.005192] vgaarb: bridge control possible 0000:00:02.0
[    1.006816] SCSI subsystem initialized
[    1.007988] ACPI: bus type USB registered
[    1.009036] usbcore: registered new interface driver usbfs
[    1.010443] usbcore: registered new interface driver hub
[    1.018591] usbcore: registered new device driver usb
[    1.020125] PCI: Using ACPI for IRQ routing
[    1.021539] NetLabel: Initializing
[    1.029334] NetLabel:  domain hash size = 128
[    1.030495] NetLabel:  protocols = UNLABELED CIPSOv4
[    1.031806] NetLabel:  unlabeled traffic allowed by default
[    1.033339] amd_nb: Cannot enumerate AMD northbridges
[    1.041428] clocksource: Switched to clocksource kvm-clock
[    1.050805] AppArmor: AppArmor Filesystem Enabled
[    1.051958] pnp: PnP ACPI ini
[    1.111074] pnp: PnP ACPI: found 3 devices

[    1.122109] clocksource: acpi_pm: mask: 0xffffff max_cycles: 0xffffff, max_idle_ns: 2085701024 ns
[    1.124524] NET: Registered protocol family 2
[    1.125987] TCP established hash table entries: 8192 (order: 4, 65536 bytes)
[    1.127751] TCP bind hash table entries: 8192 (order: 5, 131072 bytes)
[    1.129364] TCP: Hash tables configured (established 8192 bind 8192)
[    1.131031] UDP hash table entries: 512 (order: 2, 16384 bytes)
[    1.132560] UDP-Lite hash table entries: 512 (order: 2, 16384 bytes)
[    1.134235] NET: Registered protocol family 1
[    1.135476] pci 0000:00:00.0: Limiting direct PCI/PCI transfers
[    1.137065] pci 0000:00:01.0: Activating ISA DMA hang workarounds
[    1.139596] Unpacking initramfs...
[    3.523668] Freeing initrd memory: 10856K
[    3.526611] platform rtc_cmos: registered platform RTC device (no PNP device found)
[    3.534693] Scanning for low memory corruption every 60 seconds
[    3.536613] audit: initializing netlink subsys (disabled)
[    3.537782] audit: type=2000 audit(1567162673.823:1): initialized
[    3.539603] Initialise system trusted keyring
[    3.546918] HugeTLB registered 2 MB page size, pre-allocated 0 pages
[    3.549799] zbud: loaded
[    3.550977] VFS: Disk quotas dquot_6.6.0
[    3.552093] VFS: Dquot-cache hash table entries: 512 (order 0, 4096 bytes)
[    3.554005] squashfs: version 4.0 (2009/01/31) Phillip Lougher
[    3.555805] fuse init (API version 7.23)
[    3.557055] Key type big_key registered
[    3.558122] Allocating IMA MOK and blacklist keyrings.
[    3.560850] Key type asymmetric registered
[    3.561981] Asymmetric key parser 'x509' registered
[    3.563214] Block layer SCSI generic (bsg) driver version 0.4 loaded (major 249)
[    3.565264] io scheduler noop registered
[    3.566262] io scheduler deadline registered (default)
[    3.567594] io scheduler cfq registered
[    3.568603] pci_hotplug: PCI Hot Plug PCI Core version: 0.5
[    3.570002] pciehp: PCI Express Hot Plug Controller Driver version: 0.4
[    3.571677] ACPI: AC Adapter [AC] (on-line)
[    3.572971] input: Power Button as /devices/LNXSYSTM:00/LNXPWRBN:00/input/input0
[    3.588659] ACPI: Power Button [PWRF]
[    3.589774] input: Sleep Button as /devices/LNXSYSTM:00/LNXSLPBN:00/input/input1
[    3.591755] ACPI: Sleep Button [SLPF]
[    3.593000] GHES: HEST is not enabled!
[    3.593918] ACPI: Battery Slot [BAT0] (battery present)
[    3.595576] Serial: 8250/16550 driver, 32 ports, IRQ sharing enabled
[    3.619474] 00:02: ttyS0 at I/O 0x3f8 (irq = 4, base_baud = 115200) is a 16550A
[    3.624341] Linux agpgart interface v0.103
[    3.627471] loop: module loaded
[    3.629114] scsi host0: ata_piix
[    3.630292] scsi host1: ata_piix
[    3.631257] ata1: PATA max UDMA/33 cmd 0x1f0 ctl 0x3f6 bmdma 0xd000 irq 14
[    3.632857] ata2: PATA max UDMA/33 cmd 0x170 ctl 0x376 bmdma 0xd008 irq 15
[    3.634627] libphy: Fixed MDIO Bus: probed
[    3.642565] tun: Universal TUN/TAP device driver, 1.6
[    3.650329] tun: (C) 1999-2004 Max Krasnyansky <maxk@qualcomm.com>
[    3.651927] PPP generic driver version 2.4.2
[    3.653167] ehci_hcd: USB 2.0 'Enhanced' Host Controller (EHCI) Driver
[    3.654773] ehci-pci: EHCI PCI platform driver
[    3.655959] ehci-platform: EHCI generic platform driver
[    3.657649] ohci_hcd: USB 1.1 'Open' Host Controller (OHCI) Driver
[    3.659188] ohci-pci: OHCI PCI platform driver
[    3.660368] ohci-platform: OHCI generic platform driver
[    3.661747] uhci_hcd: USB Universal Host Controller Interface driver
[    3.663394] i8042: PNP: PS/2 Controller [PNP0303:PS2K,PNP0f03:PS2M] at 0x60,0x64 irq 1,12
[    3.666024] serio: i8042 KBD port at 0x60,0x64 irq 1
[    3.667302] serio: i8042 AUX port at 0x60,0x64 irq 12
[    3.675205] mousedev: PS/2 mouse device common for all mice
[    3.676957] input: AT Translated Set 2 keyboard as /devices/platform/i8042/serio0/input/input2
[    3.679904] rtc_cmos rtc_cmos: rtc core: registered rtc_cmos as rtc0
[    3.681507] rtc_cmos rtc_cmos: alarms up to one day, 114 bytes nvram
[    3.682932] i2c /dev entries driver
[    3.683971] device-mapper: uevent: version 1.0.3
[    3.685324] device-mapper: ioctl: 4.34.0-ioctl (2015-10-28) initialised: dm-devel@redhat.com
[    3.687515] ledtrig-cpu: registered to indicate activity on CPUs
[    3.689371] NET: Registered protocol family 10
[    3.690768] NET: Registered protocol family 17
[    3.692066] Key type dns_resolver registered
[    3.693563] microcode: CPU0 sig=0x806e9, pf=0x2, revision=0x0
[    3.695003] microcode: CPU1 sig=0x806e9, pf=0x2, revision=0x0
[    3.696378] microcode: Microcode Update Driver: v2.01 <tigran@aivazian.fsnet.co.uk>, Peter Oruba
[    3.698912] registered taskstats version 1
[    3.700012] Loading compiled-in X.509 certificates
[    3.701759] Loaded X.509 cert 'Build time autogenerated kernel key: f91c6829a34a801956ec6287af569c0a1f1f8d39'
[    3.704135] zswap: loaded using pool lzo/zbud
[    3.707194] Key type trusted registered
[    3.711522] Key type encrypted registered
[    3.712669] AppArmor: AppArmor sha1 policy hashing enabled
[    3.714052] ima: No TPM chip found, activating TPM-bypass!
[    3.715391] evm: HMAC attrs: 0x1
[    3.716883]   Magic number: 15:768:983
[    3.718090] rtc_cmos rtc_cmos: setting system clock to 2019-08-30 10:57:49 UTC (1567162669)
[    3.720310] BIOS EDD facility v0.16 2004-Jun-25, 0 devices found
[    3.721796] EDD information not available.
[    3.799343] Freeing unused kernel memory: 1492K
[    4.450097] Write protecting the kernel read-only data: 14336k
[    4.451909] Freeing unused kernel memory: 1744K
[    4.453426] Freeing unused kernel memory: 108K
Loading, please wait...
starting version 229
[    4.467220] random: systemd-udevd: uninitialized urandom read (16 bytes read, 3 bits of entropy available)
[    4.467822] random: udevadm: uninitialized urandom read (16 bytes read, 3 bits of entropy available)
[    4.467849] random: udevadm: uninitialized urandom read (16 bytes read, 3 bits of entropy available)
[    4.479258] random: udevadm: uninitialized urandom read (16 bytes read, 3 bits of entropy available)
[    4.479305] random: udevadm: uninitialized urandom read (16 bytes read, 3 bits of entropy available)
[    4.479495] random: udevadm: uninitialized urandom read (16 bytes read, 3 bits of entropy available)
[    4.479558] random: udevadm: uninitialized urandom read (16 bytes read, 3 bits of entropy available)
[    4.479625] random: udevadm: uninitialized urandom read (16 bytes read, 3 bits of entropy available)
[    4.479684] random: udevadm: uninitialized urandom read (16 bytes read, 3 bits of entropy available)
[    4.479746] random: udevadm: uninitialized urandom read (16 bytes read, 3 bits of entropy available)
[    4.525472] tsc: Refined TSC clocksource calibration: 2902.375 MHz
[    4.527289] clocksource: tsc: mask: 0xffffffffffffffff max_cycles: 0x29d60692b1f, max_idle_ns: 440795268509 ns
[    4.551168] e1000: Intel(R) PRO/1000 Network Driver - version 7.3.21-k8-NAPI
[    4.553173] e1000: Copyright (c) 1999-2006 Intel Corporation.
[    4.558239] Fusion MPT base driver 3.04.20
[    4.559568] Copyright (c) 1999-2008 LSI Corporation
[    4.567710] Fusion MPT SPI Host driver 3.04.20
[    4.585038] AVX2 version of gcm_enc/dec engaged.
[    4.586442] AES CTR mode by8 optimization enabled
[    4.786812] input: ImExPS/2 Generic Explorer Mouse as /devices/platform/i8042/serio1/input/input4
[    4.956884] e1000 0000:00:03.0 eth0: (PCI:33MHz:32-bit) 02:44:03:e3:22:ab
[    5.431581] e1000 0000:00:03.0 eth0: Intel(R) PRO/1000 Network Connection
[    5.434221] mptbase: ioc0: Initiating bringup
[    5.434261] e1000 0000:00:03.0 enp0s3: renamed from eth0
[    5.509770] ioc0: LSI53C1030 A0: Capabilities={Initiator}
[    5.671574] scsi host2: ioc0: LSI53C1030 A0, FwRev=00000000h, Ports=1, MaxQ=256, IRQ=20
[    5.786271] scsi 2:0:0:0: Direct-Access     VBOX     HARDDISK         1.0  PQ: 0 ANSI: 5
[    5.794609] scsi target2:0:0: Beginning Domain Validation
[    5.796839] scsi target2:0:0: Domain Validation skipping write tests
[    5.799871] scsi target2:0:0: Ending Domain Validation
[    5.801215] scsi target2:0:0: asynchronous
[    5.802716] scsi 2:0:1:0: Direct-Access     VBOX     HARDDISK         1.0  PQ: 0 ANSI: 5
[    5.804846] scsi target2:0:1: Beginning Domain Validation
[    5.807105] scsi target2:0:1: Domain Validation skipping write tests
[    5.808625] scsi target2:0:1: Ending Domain Validation
[    5.810020] scsi target2:0:1: asynchronous
[    5.835698] sd 2:0:0:0: [sda] 20971520 512-byte logical blocks: (10.7 GB/10.0 GiB)
[    5.835919] sd 2:0:0:0: Attached scsi generic sg0 type 0
[    5.844747] sd 2:0:1:0: Attached scsi generic sg1 type 0
[    5.845386] sd 2:0:1:0: [sdb] 20480 512-byte logical blocks: (10.5 MB/10.0 MiB)
[    5.845559] sd 2:0:1:0: [sdb] Write Protect is off
[    5.845648] sd 2:0:1:0: [sdb] Incomplete mode parameter data
[    5.845650] sd 2:0:1:0: [sdb] Assuming drive cache: write through
[    5.849234] sd 2:0:1:0: [sdb] Attached SCSI disk
[    5.884660] sd 2:0:0:0: [sda] Write Protect is off
[    5.886106] sd 2:0:0:0: [sda] Incomplete mode parameter data
[    5.887496] sd 2:0:0:0: [sda] Assuming drive cache: write through
[    5.890773]  sda: sda1
[    5.892300] sd 2:0:0:0: [sda] Attached SCSI disk
[    7.565845] floppy0: no floppy controllers found
Begin: Loading essential drivers[    9.118161] md: linear personality registered for level -1
 ... [    9.124417] md: multipath personality registered for level -4
[    9.136253] md: raid0 personality registered for level 0
[    9.140168] md: raid1 personality registered for level 1
[    9.217725] raid6: sse2x1   gen()  9688 MB/s
[    9.285833] raid6: sse2x1   xor()  7077 MB/s
[    9.378388] raid6: sse2x2   gen()  9350 MB/s
[    9.445496] raid6: sse2x2   xor()  8480 MB/s
[    9.513666] raid6: sse2x4   gen() 13947 MB/s
[    9.581792] raid6: sse2x4   xor()  7895 MB/s
[    9.650447] raid6: avx2x1   gen() 14564 MB/s
[    9.725915] raid6: avx2x2   gen() 18224 MB/s
[    9.793461] raid6: avx2x4   gen() 18442 MB/s
[    9.794721] raid6: using algorithm avx2x4 gen() 18442 MB/s
[    9.796238] raid6: using avx2x2 recovery algorithm
[    9.808663] xor: automatically using best checksumming function:
[    9.862129]    avx       : 19872.000 MB/sec
[    9.872556] async_tx: api initialized (async)
[    9.881677] md: raid6 personality registered for level 6
[    9.883265] md: raid5 personality registered for level 5
[    9.889660] md: raid4 personality registered for level 4
[    9.896227] md: raid10 personality registered for level 10
done.
Begin: Running /scripts/init-premount ... done.
Begin: Mounting root file system ... Begin: Running /scripts/local-top ... done.
Begin: Running /scripts/local-premount ... [    9.927877] Btrfs loaded
Scanning for Btrfs filesystems
done.
Warning: fsck not present, so skipping root file system
[    9.962573] EXT4-fs (sda1): mounted filesystem with ordered data mode. Opts: (null)
done.
Begin: Running /scripts/local-bottom ... done.
Begin: Running /scripts/init-bottom ... done.
[   10.065846] systemd[1]: systemd 229 running in system mode. (+PAM +AUDIT +SELINUX +IMA +APPARMOR +SMACK +SYSVINIT +UTMP +LIBCRYPTSETUP +GCRYPT +GNUTLS +ACL +XZ -LZ4 +SECCOMP +BLKID +ELFUTILS +KMOD -IDN)
[   10.076176] systemd[1]: Detected virtualization oracle.
[   10.077561] systemd[1]: Detected architecture x86-64.

Welcome to [1mUbuntu 16.04.3 LTS[0m!

[   10.088749] systemd[1]: Set hostname to <ubuntu-xenial>.
[   10.225290] systemd[1]: Listening on udev Kernel Socket.
[[0;32m  OK  [0m] Listening on udev Kernel Socket.
[   10.228375] systemd[1]: Listening on Device-mapper event daemon FIFOs.
[[0;32m  OK  [0m] Listening on Device-mapper event daemon FIFOs.
[   10.231763] systemd[1]: Listening on Journal Socket (/dev/log).
[[0;32m  OK  [0m] Listening on Journal Socket (/dev/log).
[   10.262945] systemd[1]: Created slice System Slice.
[[0;32m  OK  [0m] Created slice System Slice.
[   10.265866] systemd[1]: Reached target Encrypted Volumes.
[[0;32m  OK  [0m] Reached target Encrypted Volumes.
[   10.268870] systemd[1]: Reached target User and Group Name Lookups.
[[0;32m  OK  [0m] Reached target User and Group Name Lookups.
[   10.272315] systemd[1]: Listening on Syslog Socket.
[[0;32m  OK  [0m] Listening on Syslog Socket.
[   10.282868] systemd[1]: Started Forward Password Requests to Wall Directory Watch.
[[0;32m  OK  [0m] Started Forward Password Requests to Wall Directory Watch.
[   10.300098] systemd[1]: Listening on /dev/initctl Compatibility Named Pipe.
[[0;32m  OK  [0m] Listening on /dev/initctl Compatibility Named Pipe.
[   10.303581] systemd[1]: Listening on Journal Audit Socket.
[[0;32m  OK  [0m] Listening on Journal Audit Socket.
[   10.306566] systemd[1]: Reached target Swap.
[[0;32m  OK  [0m] Reached target Swap.
[   10.309167] systemd[1]: Listening on LVM2 metadata daemon socket.
[[0;32m  OK  [0m] Listening on LVM2 metadata daemon socket.
[   10.312450] systemd[1]: Started Trigger resolvconf update for networkd DNS.
[[0;32m  OK  [0m] Started Trigger resolvconf update for networkd DNS.
[   10.316340] systemd[1]: Created slice system-serial\x2dgetty.slice.
[[0;32m  OK  [0m] Created slice system-serial\x2dgetty.slice.
[   10.326950] systemd[1]: Listening on Journal Socket.
[[0;32m  OK  [0m] Listening on Journal Socket.
[   10.346033] systemd[1]: Starting Load Kernel Modules...
         Starting Load Kernel Modules...
[   10.356564] systemd[1]: Starting Monitoring of LVM2 mirrors, snapshots etc. using dmeventd or progress polling...
[   10.373010] Loading iSCSI transport class v2.0-870.
         [   10.394753] iscsi: registered transport (tcp)
Starting Monitoring of LVM2 mirrors... dmeventd or progress polling...
[   10.421750] systemd[1]: Starting Set console keymap...
         Starting Set console keymap...
[   10.425970] systemd[1]: Starting Remount Root and Kernel File Systems...
         Starting Remount[   10.443366] iscsi: registered transport (iser)
 Root and Kernel File Systems...
[   10.470919] systemd[1]: Mounting Debug File System...
         Mounting Debug F[   10.482417] EXT4-fs (sda1): re-mounted. Opts: (null)
ile System...
[   10.504142] systemd[1]: Mounting POSIX Message Queue File System...
         Mounting POSIX Message Queue File System...
[   10.508117] systemd[1]: Starting Create list of required static device nodes for the current kernel...
         Starting Create list of required st... nodes for the current kernel...
[   10.574282] systemd[1]: Mounting Huge Pages File System...
         Mounting Huge Pages File System...
[   10.578005] systemd[1]: Starting Uncomplicated firewall...
         Starting Uncomplicated firewall...
[   10.601283] systemd[1]: Starting Journal Service...
         Starting Journal Service...
[   10.610716] systemd[1]: Listening on LVM2 poll daemon socket.
[[0;32m  OK  [0m] Listening on LVM2 poll daemon socket.
[   10.615142] systemd[1]: Set up automount Arbitrary Executable File Formats File System Automount Point.
[[0;32m  OK  [0m] Set up automount Arbitrary Executab...ats File System Automount Point.
[   10.621404] systemd[1]: Created slice User and Session Slice.
[[0;32m  OK  [0m] Created slice User and Session Slice.
[   10.624936] systemd[1]: Reached target Slices.
[[0;32m  OK  [0m] [   10.634097] random: nonblocking pool is initialized
Reached target Slices.
[   10.643192] systemd[1]: Listening on udev Control Socket.
[[0;32m  OK  [0m] Listening on udev Control Socket.
[   10.662084] systemd[1]: Starting Nameserver information manager...
         Starting Nameserver information manager...
[   10.673124] systemd[1]: Mounted POSIX Message Queue File System.
[[0;32m  OK  [0m] Mounted POSIX Message Queue File System.
[   10.683746] systemd[1]: Mounted Debug File System.
[[0;32m  OK  [0m] Mounted Debug File System.
[   10.686773] systemd[1]: Mounted Huge Pages File System.
[[0;32m  OK  [0m] Mounted Huge Pages File System.
[   10.696636] systemd[1]: Started Journal Service.
[[0;32m  OK  [0m] Started Journal Service.
[[0;32m  OK  [0m] Started Load Kernel Modules.
[[0;32m  OK  [0m] Started Set console keymap.
[[0;32m  OK  [0m] Started Remount Root and Kernel File Systems.
[[0;32m  OK  [0m] Started Create list of required sta...ce nodes for the current kernel.
[[0;32m  OK  [0m] Started Uncomplicated firewall.
[[0;32m  OK  [0m] Started Nameserver information manager.
[[0;32m  OK  [0m] Started LVM2 metadata daemon.
         Starting Create Static Device Nodes in /dev...
         Starting Load/Save Random Seed...
         Starting Initial cloud-init job (pre-networking)...
         Starting udev Coldplug all Devices...
         Starting Apply Kernel Variables...
         Mounting FUSE Control File System...
         Starting Flush Journal to Persistent Storage...
[[0;32m  OK  [0m] Mounted FUSE Control File System.
[[0;32m  OK  [0m] Started Create Static Device Nodes in /dev.
[[0;32m  OK  [0m] Started Load/Save Random Seed.
[[0;32m  OK  [0m] Started Apply Kernel Variables.
[[0;32m  OK  [0m] Started Flush Journal to Persistent Storage.
[[0;32m  OK  [0m] Started udev Coldplug all Devices.
         Starting udev Kernel Device Manager...
[[0;32m  OK  [0m] Started udev Kernel Device Manager.
[[0;32m  OK  [0m] Started Dispatch Password Requests to Console Directory Watch.
[[0;32m  OK  [0m] Found device /dev/ttyS0.
[[0;32m  OK  [0m] Started Monitoring of LVM2 mirrors,...ng dmeventd or progress polling.
[[0;32m  OK  [0m] Reached target Local File Systems (Pre).
[[0;32m  OK  [0m] Reached target Local File Systems.
         Starting LSB: AppArmor initialization...
         Starting Set console font and keymap...
         Starting Create Volatile Files and Directories...
         Starting Tell Plymouth To Write Out Runtime Data...
[[0;32m  OK  [0m] Started Create Volatile Files and Directories.
[[0;32m  OK  [0m] Started Tell Plymouth To Write Out Runtime Data.
[[0;32m  OK  [0m] Listening on Load/Save RF Kill Switch Status /dev/rfkill Watch.
[   11.894348] cloud-init[450]: Cloud-init v. 17.1 running 'init-local' at Fri, 30 Aug 2019 10:57:57 +0000. Up 11.25 seconds.
[[0;32m  OK  [0m] Reached target System Time Synchronized.
         Starting Update UTMP about System Boot/Shutdown...
[[0;32m  OK  [0m] Started LSB: AppArmor initialization.
[[0;32m  OK  [0m] Started Set console font and keymap.
[[0;32m  OK  [0m] Started Initial cloud-init job (pre-networking).
[[0;32m  OK  [0m] Found device 82540EM Gigabit Ethern...r (PRO/1000 MT Desktop Adapter).
[[0;32m  OK  [0m] Started Update UTMP about System Boot/Shutdown.
[[0;32m  OK  [0m] Reached target Network (Pre).
[[0;32m  OK  [0m] Created slice system-getty.slice.
[[0;32m  OK  [0m] Started ifup for enp0s3.
         Starting Raise network interfaces...
[[0;32m  OK  [0m] Started Raise network interfaces.
         Starting Initial cloud-init job (metadata service crawler)...
[[0;32m  OK  [0m] Reached target Network.
[   14.615789] cloud-init[966]: Cloud-init v. 17.1 running 'init' at Fri, 30 Aug 2019 10:58:00 +0000. Up 14.17 seconds.
[   14.618709] cloud-init[966]: ci-info: +++++++++++++++++++++++++++++++++++++Net device info+++++++++++++++++++++++++++++++++++++
[   14.636463] cloud-init[966]: ci-info: +--------+------+---------------------------+---------------+-------+-------------------+
[   14.695049] [[0;32m  OK  [0m] Started Initial cloud-init job (metadata service crawler).
[[0;32m  OK  [0m] Reached target Network is Online.
cloud-init[966]: ci-info: | Device |  Up  |          Address          |      Mask     | Scope |     Hw-Address    |
[   14.708802] cloud-init[966]: ci-info: +--------+------+---------------------------+---------------+-------+-------------------+
[   14.722431]          Starting iSCSI initiator daemon (iscsid)...
[[0;32m  OK  [0m] Reached target System Initialization.
cloud-init[966]: ci-info: | enp0s3 | True |         10.0.2.15         | 255.255.255.0 |   .   | 02:44:03:e3:22:ab |
[   14.731771] [[0;32m  OK  [0m] Started ACPI Events Check.
[[0;32m  OK  [0m] Reached target Paths.
cloud-init[966]: ci-info: | enp0s3 | True | fe80::44:3ff:fee3:22ab/64 |       .       |  link | 02:44:03:e3:22:ab |[[0;32m  OK  [0m] Started Timer to automatically refresh installed snaps.
         Starting Socket activation for snappy daemon.
[[0;32m  OK  [0m] Listening on D-Bus System Message Bus Socket.
[[0;32m  OK  [0m] Started Daily Cleanup of Temporary Directories.
[[0;32m  OK  [0m] Listening on UUID daemon activation socket.

[   14.748883] [[0;32m  OK  [0m] Started Daily apt download activities.
[[0;32m  OK  [0m] Listening on ACPID Listen Socket.
[[0;32m  OK  [0m] Started Daily apt upgrade and clean activities.
[[0;32m  OK  [0m] Reached target Timers.
cloud-init[966]: ci-info: |   lo   | True |         127.0.0.1         |   255.0.0.0   |   .   |         .         |
[   14.761238]          Starting LXD - unix socket.
[[0;32m  OK  [0m] Reached target Cloud-config availability.
cloud-init[966]: ci-info: |   lo   | True |          ::1/128          |       .       |  host |         .         |
[   14.774556] [[0;32m  OK  [0m] Listening on Socket activation for snappy daemon.
[[0;32m  OK  [0m] Listening on LXD - unix socket.
cloud-init[966]: ci-info: +--------+------+---------------------------+---------------+-------+-------------------+
[   14.810350] [[0;32m  OK  [0m] Started iSCSI initiator daemon (iscsid).
cloud-init[966]: ci-info: +++++++++++++++++++++++++++Route IPv4 info++++++++++++++++++++++++++++
[   14.813773] cloud-init[966]: ci-info: +-------+-------------+----------+---------------+-----------+-------+
[   14.816871] cloud-init[966]: ci-info: | Route | Destination | Gateway  |    Genmask    | Interface | Flags |
[   14.848777]          Starting Login to default iSCSI targets...
[[0;32m  OK  [0m] Reached target Sockets.
[[0;32m  OK  [0m] Reached target Basic System.
cloud-init[966]: ci-info: +-------+-------------+----------+---------------+-----------+-------+
[   14.853218] cloud-init[966]: ci-info: |   0   |   0.0.0.0   | 10.0.2.2 |    0.0.0.0    |   enp0s3  |   UG  |
[   14.855638] cloud-init[966]: ci-info: |   1   |   10.0.2.0  | 0.0.0.0  | 255.255.255.0 |   enp0s3  |   U   |
[   14.858157] cloud-init[966]: ci-info: +-------+-------------+----------+---------------+-----------+-------+         Starting LSB: Record successful boot for GRUB...

         Starting The PHP 7.0 FastCGI Process Manager...
[[0;32m  OK  [0m] Started FUSE filesystem for LXC.
[[0;32m  OK  [0m] Started Deferred execution scheduler.
[[0;32m  OK  [0m] Started Unattended Upgrades Shutdown.
         Starting System Logging Service...
         Starting LXD - container startup/shutdown...
         Starting Login Service...
[[0;32m  OK  [0m] Started ACPI event daemon.
         Starting Snappy daemon...
[[0;32m  OK  [0m] Started D-Bus System Message Bus.
[[0;32m  OK  [0m] Started Regular background program processing daemon.
         Starting Accounts Service...
         Starting /etc/rc.local Compatibility...
         Starting OpenBSD Secure Shell server...
         Starting LSB: MD monitoring daemon...
         Starting Apply the settings specified in cloud-config...
[[0;32m  OK  [0m] Started System Logging Service.
[[0;32m  OK  [0m] Started Snappy daemon.
[[0;32m  OK  [0m] Started OpenBSD Secure Shell server.
[[0;32m  OK  [0m] Started LXD - container startup/shutdown.
[[0;32m  OK  [0m] Started /etc/rc.local Compatibility.
[[0;32m  OK  [0m] Started LSB: Record successful boot for GRUB.
[[0;32m  OK  [0m] Started The PHP 7.0 FastCGI Process Manager.
[[0;32m  OK  [0m] Started Login to default iSCSI targets.
[[0;32m  OK  [0m] Started LSB: MD monitoring daemon.
[[0;32m  OK  [0m] Started Login Service.
         Starting Authenticate and Authorize Users to Run Privileged Tasks...
[[0;32m  OK  [0m] Reached target Remote File Systems (Pre).
[[0;32m  OK  [0m] Reached target Remote File Systems.
         Starting LSB: VirtualBox Linux Additions...
         Starting LSB: Apache2 web server...
         Starting LSB: automatic crash report generation...
         Starting LSB: daemon to balance interrupts for SMP systems...
         Starting LSB: Set the CPU Frequency Scaling governor to "ondemand"...
         Starting Permit User Sessions...
[[0;32m  OK  [0m] Started Permit User Sessions.
[[0;32m  OK  [0m] Started Authenticate and Authorize Users to Run Privileged Tasks.
[[0;32m  OK  [0m] Started Accounts Service.
         Starting Terminate Plymouth Boot Screen...
         Starting Hold until boot process finishes up...
[[0;32m  OK  [0m] Started LSB: VirtualBox Linux Additions.
[[0;32m  OK  [0m] Started LSB: automatic crash report generation.
[[0;32m  OK  [0m] Started LSB: daemon to balance interrupts for SMP systems.
[[0;32m  OK  [0m] Started LSB: Set the CPU Frequency Scaling governor to "ondemand".
[[0;32m  OK  [0m] Started Terminate Plymouth Boot Screen.
[[0;32m  OK  [0m] Started Hold until boot process finishes up.
[[0;32m  OK  [0m] Started Getty on tty1.
         Starting Set console scheme...
[[0;32m  OK  [0m] Started Serial Getty on ttyS0.
[[0;32m  OK  [0m] Reached target Login Prompts.
[[0;32m  OK  [0m] Started Set console scheme.
[[0;32m  OK  [0m] Started LSB: Apache2 web server.
[[0;32m  OK  [0m] Reached target Multi-User System.
[[0;32m  OK  [0m] Reached target Graphical Interface.
         Starting Update UTMP about System Runlevel Changes...
[[0;32m  OK  [0m] Started Update UTMP about System Runlevel Changes.
[   15.949982] cloud-init[1094]: Cloud-init v. 17.1 running 'modules:config' at Fri, 30 Aug 2019 10:58:02 +0000. Up 15.72 seconds.
[[0;32m  OK  [0m] Started Apply the settings specified in cloud-config.
         Starting Execute cloud user/final scripts...
[   16.639155] cloud-init[1297]: Cloud-init v. 17.1 running 'modules:final' at Fri, 30 Aug 2019 10:58:02 +0000. Up 16.42 seconds.
[   16.642529] cloud-init[1297]: Cloud-init v. 17.1 finished at Fri, 30 Aug 2019 10:58:03 +0000. Datasource DataSourceNoCloud [seed=/dev/sdb][dsmode=net].  Up 16.62 seconds
[[0;32m  OK  [0m] Started Execute cloud user/final scripts.
[[0;32m  OK  [0m] Reached target Cloud-init target.

Ubuntu 16.04.3 LTS ubuntu-xenial ttyS0

ubuntu-xenial login: [[0;32m  OK  [0m] Stopped target Cloud-init target.
         Stopping Session 4 of user ubuntu.
[[0;32m  OK  [0m] Stopped Execute cloud user/final scripts.
         Stopping User Manager for UID 1000...
[[0;32m  OK  [0m] Closed Load/Save RF Kill Switch Status /dev/rfkill Watch.
[[0;32m  OK  [0m] Stopped target Timers.
[[0;32m  OK  [0m] Stopped Timer to automatically refresh installed snaps.
[[0;32m  OK  [0m] Stopped Daily apt upgrade and clean activities.
[[0;32m  OK  [0m] Stopped Daily apt download activities.
[[0;32m  OK  [0m] Stopped target System Time Synchroniz          Stopping Accounts Service...
         Stopping LSB: MD monitoring daemon...
         Stopping ACPI event daemon...
         Stopping D-Bus System Message Bus...
         Stopping LSB: Set the CPU Frequency Scaling governor to "ondemand"...
         Stopping LSB: automatic crash report generation...
[[0;32m  OK  [0m] Unmounted /var/lib/lxcfs.
[[0;32m  OK  [0m] Stopped Deferred execution scheduler.
[[0;32m  OK  [0m] Stopped System Logging Service.
[[0;32m  OK  [0m] Stopped ACPI event daemon.
[[0;32m  OK  [0m] Stopped Snappy daemon.
[[0;32m  OK  [0m] Stopped Regular background program processing daemon.
[[0;32m  OK  [0m] Stopped Accounts Service.
[[0;32m  OK  [0m] Stopped OpenBSD Secure Shell server.
[[0;32m  OK  [0m] Stopped The PHP 7.0 FastCGI Process Manager.
[[0;32m  OK  [0m] Stopped Authenticate and Authorize Users to Run Privileged Tasks.
[[0;32m  OK  [0m] Stopped Getty on tty1.
[[0;32m  OK  [0m] Stopped Serial Getty on ttyS0.
[[0;32m  OK  [0m] Stopped User Manager for UID 1000.
[[0;32m  OK  [0m] Stopped Session 4 of user ubuntu.
[[0;32m  OK  [0m] Stopped Unattended Upgrades Shutdown.
[[0;32m  OK  [0m] Stopped D-Bus System Message Bus.
[[0;32m  OK  [0m] Stopped FUSE filesystem for LXC.
[[0;32m  OK  [0m] Stopped LXD - container startup/shutdown.
[[0;32m  OK  [0m] Stopped LSB: Set the CPU Frequency Scaling governor to "ondemand".
[[0;32m  OK  [0m] Stopped LSB: MD monitoring daemon.
[[0;32m  OK  [0m] Stopped LSB: daemon to balance interrupts for SMP systems.
[[0;32m  OK  [0m] Stopped LSB: Record successful boot for GRUB.
[[0;32m  OK  [0m] Stopped LSB: VirtualBox Linux Additions.
[[0;32m  OK  [0m] Stopped LSB: automatic crash report generation.
[[0;32m  OK  [0m] Removed slice User Slice of ubuntu.
         Stopping Login Service...
[[0;32m  OK  [0m] Removed slice system-serial\x2dgetty.slice.
         Stopping Permit User Sessions...
[[0;32m  OK  [0m] Removed slice system-getty.slice.
[[0;32m  OK  [0m] Stopped /etc/rc.local Compatibility.
[[0;32m  OK  [0m] Stopped Login Service.
[[0;32m  OK  [0m] Stopped Permit User Sessions.
[[0;32m  OK  [0m] Stopped target User and Group Name Lookups.
[[0;32m  OK  [0m] Stopped LSB: Apache2 web server.
[[0;32m  OK  [0m] Stopped target Basic System.
[[0;32m  OK  [0m] Stopped target Slices.
[[0;32m  OK  [0m] Removed slice User and Session Slice.
[[0;32m  OK  [0m] Stopped target Paths.
[[0;32m  OK  [0m] Stopped Forward Password Requests to Wall Directory Watch.
[[0;32m  OK  [0m] Stopped Dispatch Password Requests to Console Directory Watch.
[[0;32m  OK  [0m] Stopped ACPI Events Check.
[[0;32m  OK  [0m] Stopped target Sockets.
[[0;32m  OK  [0m] Closed UUID daemon activation socket.
[[0;32m  OK  [0m] Closed Socket activation for snappy daemon.
[[0;32m  OK  [0m] Closed LXD - unix socket.
[[0;32m  OK  [0m] Closed Syslog Socket.
[[0;32m  OK  [0m] Closed D-Bus System Message Bus Socket.
[[0;32m  OK  [0m] Closed ACPID Listen Socket.
[[0;32m  OK  [0m] Stopped target Remote File Systems.
[[0;32m  OK  [0m] Stopped target Remote File Systems (Pre).
         Stopping Login to default iSCSI targets...
[[0;32m  OK  [0m] Stopped target System Initialization.
         Stopping Load/Save Random Seed...
         Stopping Update UTMP about System Boot/Shutdown...
[[0;32m  OK  [0m] Stopped target Encrypted Volumes.
[[0;32m  OK  [0m] Stopped target Swap.
[[0;32m  OK  [0m] Stopped Load/Save Random Seed.
[[0;32m  OK  [0m] Stopped Update UTMP about System Boot/Shutdown.
[[0;32m  OK  [0m] Stopped Login to default iSCSI targets.
         Stopping iSCSI initiator daemon (iscsid)...
[[0;32m  OK  [0m] Stopped Create Volatile Files and Directories.
[[0;32m  OK  [0m] Stopped iSCSI initiator daemon (iscsid).
[[0;32m  OK  [0m] Stopped target Network is Online.
[[0;32m  OK  [0m] Stopped Initial cloud-init job (metadata service crawler).
[[0;32m  OK  [0m] Stopped target Network.
         Stopping Raise network interfaces...
[[0;32m  OK  [0m] Stopped Raise network interfaces.
[[0;32m  OK  [0m] Stopped target Local File Systems.
         Unmounting /run/user/1000...
         Unmounting /var/www/html...
[[0;32m  OK  [0m] Stopped Apply Kernel Variables.
[[0;32m  OK  [0m] Stopped Load Kernel Modules.
[[0;32m  OK  [0m] Stopped target Network (Pre).
[[0;32m  OK  [0m] Stopped Initial cloud-init job (pre-networking).
[[0;32m  OK  [0m] Unmounted /run/user/1000.
[[0;32m  OK  [0m] Unmounted /var/www/html.
[[0;32m  OK  [0m] Reached target Unmount All Filesystems.
[[0;32m  OK  [0m] Stopped target Local File Systems (Pre).
[[0;32m  OK  [0m] Stopped Create Static Device Nodes in /dev.
         Stopping Monitoring of LVM2 mirrors... dmeventd or progress polling...
[[0;32m  OK  [0m] Stopped Remount Root and Kernel File Systems.
[[0;32m  OK  [0m] Reached target Shutdown.
[  988.096785] reboot: Power down
